CRITICAL - 2022-11-26 16:49:50 --> Undefined variable $session
in APPPATH/Views/admin/user/login.php on line 55.
 1 APPPATH/Views/admin/user/login.php(55): CodeIgniter\Debug\Exceptions->errorHandler(2, 'Undefined variable $session', 'APPPATH/Views/admin/user/login.php', 55)
 2 SYSTEMPATH/View/View.php(213): include('APPPATH/Views/admin/user/login.php')
 3 SYSTEMPATH/View/View.php(216): CodeIgniter\View\View->CodeIgniter\View\{closure}()
 4 SYSTEMPATH/Common.php(1134): CodeIgniter\View\View->render('admin/user/login', [], true)
 5 APPPATH/Controllers/Admin/Admin.php(24): view('admin/user/login')
 6 SYSTEMPATH/CodeIgniter.php(927): App\Controllers\Admin\Admin->login()
 7 SYSTEMPATH/CodeIgniter.php(482): CodeIgniter\CodeIgniter->runController(Object(App\Controllers\Admin\Admin))
 8 SYSTEMPATH/CodeIgniter.php(351): CodeIgniter\CodeIgniter->handleRequest(null, Object(Config\Cache), false)
 9 FCPATH/index.php(67): CodeIgniter\CodeIgniter->run()
CRITICAL - 2022-11-26 17:04:39 --> Undefined variable $session
in APPPATH/Views/admin/user/login.php on line 55.
 1 APPPATH/Views/admin/user/login.php(55): CodeIgniter\Debug\Exceptions->errorHandler(2, 'Undefined variable $session', 'APPPATH/Views/admin/user/login.php', 55)
 2 SYSTEMPATH/View/View.php(213): include('APPPATH/Views/admin/user/login.php')
 3 SYSTEMPATH/View/View.php(216): CodeIgniter\View\View->CodeIgniter\View\{closure}()
 4 SYSTEMPATH/Common.php(1134): CodeIgniter\View\View->render('admin/user/login', [], true)
 5 APPPATH/Controllers/Admin/Admin.php(24): view('admin/user/login')
 6 SYSTEMPATH/CodeIgniter.php(927): App\Controllers\Admin\Admin->login()
 7 SYSTEMPATH/CodeIgniter.php(482): CodeIgniter\CodeIgniter->runController(Object(App\Controllers\Admin\Admin))
 8 SYSTEMPATH/CodeIgniter.php(351): CodeIgniter\CodeIgniter->handleRequest(null, Object(Config\Cache), false)
 9 FCPATH/index.php(67): CodeIgniter\CodeIgniter->run()
CRITICAL - 2022-11-26 17:07:11 --> Undefined variable $session
in APPPATH/Views/admin/user/login.php on line 55.
 1 APPPATH/Views/admin/user/login.php(55): CodeIgniter\Debug\Exceptions->errorHandler(2, 'Undefined variable $session', 'APPPATH/Views/admin/user/login.php', 55)
 2 SYSTEMPATH/View/View.php(213): include('APPPATH/Views/admin/user/login.php')
 3 SYSTEMPATH/View/View.php(216): CodeIgniter\View\View->CodeIgniter\View\{closure}()
 4 SYSTEMPATH/Common.php(1134): CodeIgniter\View\View->render('admin/user/login', [], true)
 5 APPPATH/Controllers/Admin/Admin.php(24): view('admin/user/login')
 6 SYSTEMPATH/CodeIgniter.php(927): App\Controllers\Admin\Admin->login()
 7 SYSTEMPATH/CodeIgniter.php(482): CodeIgniter\CodeIgniter->runController(Object(App\Controllers\Admin\Admin))
 8 SYSTEMPATH/CodeIgniter.php(351): CodeIgniter\CodeIgniter->handleRequest(null, Object(Config\Cache), false)
 9 FCPATH/index.php(67): CodeIgniter\CodeIgniter->run()
CRITICAL - 2022-11-26 17:08:14 --> Call to a member function getErrors() on null
in APPPATH/Controllers/Admin/User.php on line 26.
 1 SYSTEMPATH/CodeIgniter.php(927): App\Controllers\Admin\User->validateLogin()
 2 SYSTEMPATH/CodeIgniter.php(482): CodeIgniter\CodeIgniter->runController(Object(App\Controllers\Admin\User))
 3 SYSTEMPATH/CodeIgniter.php(351): CodeIgniter\CodeIgniter->handleRequest(null, Object(Config\Cache), false)
 4 FCPATH/index.php(67): CodeIgniter\CodeIgniter->run()
CRITICAL - 2022-11-26 17:20:20 --> Call to a member function getErrors() on null
in APPPATH/Controllers/Admin/User.php on line 28.
 1 SYSTEMPATH/CodeIgniter.php(927): App\Controllers\Admin\User->validateLogin()
 2 SYSTEMPATH/CodeIgniter.php(482): CodeIgniter\CodeIgniter->runController(Object(App\Controllers\Admin\User))
 3 SYSTEMPATH/CodeIgniter.php(351): CodeIgniter\CodeIgniter->handleRequest(null, Object(Config\Cache), false)
 4 FCPATH/index.php(67): CodeIgniter\CodeIgniter->run()
CRITICAL - 2022-11-26 17:23:14 --> Call to undefined function App\Controllers\Admin\acho()
in APPPATH/Controllers/Admin/User.php on line 25.
 1 SYSTEMPATH/CodeIgniter.php(927): App\Controllers\Admin\User->validateLogin()
 2 SYSTEMPATH/CodeIgniter.php(482): CodeIgniter\CodeIgniter->runController(Object(App\Controllers\Admin\User))
 3 SYSTEMPATH/CodeIgniter.php(351): CodeIgniter\CodeIgniter->handleRequest(null, Object(Config\Cache), false)
 4 FCPATH/index.php(67): CodeIgniter\CodeIgniter->run()
CRITICAL - 2022-11-26 17:59:37 --> Undefined variable $_SESSION
in APPPATH/Views/admin/user/login.php on line 56.
 1 APPPATH/Views/admin/user/login.php(56): CodeIgniter\Debug\Exceptions->errorHandler(2, 'Undefined variable $_SESSION', 'APPPATH/Views/admin/user/login.php', 56)
 2 SYSTEMPATH/View/View.php(213): include('APPPATH/Views/admin/user/login.php')
 3 SYSTEMPATH/View/View.php(216): CodeIgniter\View\View->CodeIgniter\View\{closure}()
 4 SYSTEMPATH/Common.php(1134): CodeIgniter\View\View->render('admin/user/login', [], true)
 5 APPPATH/Controllers/Admin/Admin.php(24): view('admin/user/login')
 6 SYSTEMPATH/CodeIgniter.php(927): App\Controllers\Admin\Admin->login()
 7 SYSTEMPATH/CodeIgniter.php(482): CodeIgniter\CodeIgniter->runController(Object(App\Controllers\Admin\Admin))
 8 SYSTEMPATH/CodeIgniter.php(351): CodeIgniter\CodeIgniter->handleRequest(null, Object(Config\Cache), false)
 9 FCPATH/index.php(67): CodeIgniter\CodeIgniter->run()
CRITICAL - 2022-11-26 18:02:22 --> Undefined variable $_SESSION
in APPPATH/Views/admin/user/login.php on line 56.
 1 APPPATH/Views/admin/user/login.php(56): CodeIgniter\Debug\Exceptions->errorHandler(2, 'Undefined variable $_SESSION', 'APPPATH/Views/admin/user/login.php', 56)
 2 SYSTEMPATH/View/View.php(213): include('APPPATH/Views/admin/user/login.php')
 3 SYSTEMPATH/View/View.php(216): CodeIgniter\View\View->CodeIgniter\View\{closure}()
 4 SYSTEMPATH/Common.php(1134): CodeIgniter\View\View->render('admin/user/login', [], true)
 5 APPPATH/Controllers/Admin/Admin.php(24): view('admin/user/login')
 6 SYSTEMPATH/CodeIgniter.php(927): App\Controllers\Admin\Admin->login()
 7 SYSTEMPATH/CodeIgniter.php(482): CodeIgniter\CodeIgniter->runController(Object(App\Controllers\Admin\Admin))
 8 SYSTEMPATH/CodeIgniter.php(351): CodeIgniter\CodeIgniter->handleRequest(null, Object(Config\Cache), false)
 9 FCPATH/index.php(67): CodeIgniter\CodeIgniter->run()
CRITICAL - 2022-11-26 18:09:23 --> Cannot use isset() on the result of an expression (you can use "null !== expression" instead)
in APPPATH/Views/admin/user/login.php on line 56.
 1 [internal function]: CodeIgniter\Debug\Exceptions->shutdownHandler()
CRITICAL - 2022-11-26 18:12:08 --> Undefined property: CodeIgniter\View\View::$session
in APPPATH/Views/admin/user/login.php on line 56.
 1 APPPATH/Views/admin/user/login.php(56): CodeIgniter\Debug\Exceptions->errorHandler(2, 'Undefined property: CodeIgniter\\View\\View::$session', 'APPPATH/Views/admin/user/login.php', 56)
 2 SYSTEMPATH/View/View.php(213): include('APPPATH/Views/admin/user/login.php')
 3 SYSTEMPATH/View/View.php(216): CodeIgniter\View\View->CodeIgniter\View\{closure}()
 4 SYSTEMPATH/Common.php(1134): CodeIgniter\View\View->render('admin/user/login', [], true)
 5 APPPATH/Controllers/Admin/Admin.php(24): view('admin/user/login')
 6 SYSTEMPATH/CodeIgniter.php(927): App\Controllers\Admin\Admin->login()
 7 SYSTEMPATH/CodeIgniter.php(482): CodeIgniter\CodeIgniter->runController(Object(App\Controllers\Admin\Admin))
 8 SYSTEMPATH/CodeIgniter.php(351): CodeIgniter\CodeIgniter->handleRequest(null, Object(Config\Cache), false)
 9 FCPATH/index.php(67): CodeIgniter\CodeIgniter->run()
CRITICAL - 2022-11-26 18:15:14 --> Undefined property: CodeIgniter\View\View::$session
in APPPATH/Views/admin/user/login.php on line 56.
 1 APPPATH/Views/admin/user/login.php(56): CodeIgniter\Debug\Exceptions->errorHandler(2, 'Undefined property: CodeIgniter\\View\\View::$session', 'APPPATH/Views/admin/user/login.php', 56)
 2 SYSTEMPATH/View/View.php(213): include('APPPATH/Views/admin/user/login.php')
 3 SYSTEMPATH/View/View.php(216): CodeIgniter\View\View->CodeIgniter\View\{closure}()
 4 SYSTEMPATH/Common.php(1134): CodeIgniter\View\View->render('admin/user/login', [], true)
 5 APPPATH/Controllers/Admin/Admin.php(24): view('admin/user/login')
 6 SYSTEMPATH/CodeIgniter.php(927): App\Controllers\Admin\Admin->login()
 7 SYSTEMPATH/CodeIgniter.php(482): CodeIgniter\CodeIgniter->runController(Object(App\Controllers\Admin\Admin))
 8 SYSTEMPATH/CodeIgniter.php(351): CodeIgniter\CodeIgniter->handleRequest(null, Object(Config\Cache), false)
 9 FCPATH/index.php(67): CodeIgniter\CodeIgniter->run()
CRITICAL - 2022-11-26 18:17:23 --> Undefined property: CodeIgniter\View\View::$sessionMessagePassWord
in APPPATH/Views/admin/user/login.php on line 56.
 1 APPPATH/Views/admin/user/login.php(56): CodeIgniter\Debug\Exceptions->errorHandler(2, 'Undefined property: CodeIgniter\\View\\View::$sessionMessagePassWord', 'APPPATH/Views/admin/user/login.php', 56)
 2 SYSTEMPATH/View/View.php(213): include('APPPATH/Views/admin/user/login.php')
 3 SYSTEMPATH/View/View.php(216): CodeIgniter\View\View->CodeIgniter\View\{closure}()
 4 SYSTEMPATH/Common.php(1134): CodeIgniter\View\View->render('admin/user/login', [], true)
 5 APPPATH/Controllers/Admin/Admin.php(24): view('admin/user/login')
 6 SYSTEMPATH/CodeIgniter.php(927): App\Controllers\Admin\Admin->login()
 7 SYSTEMPATH/CodeIgniter.php(482): CodeIgniter\CodeIgniter->runController(Object(App\Controllers\Admin\Admin))
 8 SYSTEMPATH/CodeIgniter.php(351): CodeIgniter\CodeIgniter->handleRequest(null, Object(Config\Cache), false)
 9 FCPATH/index.php(67): CodeIgniter\CodeIgniter->run()
CRITICAL - 2022-11-26 18:20:36 --> Undefined variable $sessionMessagePassWord
in APPPATH/Views/admin/user/login.php on line 56.
 1 APPPATH/Views/admin/user/login.php(56): CodeIgniter\Debug\Exceptions->errorHandler(2, 'Undefined variable $sessionMessagePassWord', 'APPPATH/Views/admin/user/login.php', 56)
 2 SYSTEMPATH/View/View.php(213): include('APPPATH/Views/admin/user/login.php')
 3 SYSTEMPATH/View/View.php(216): CodeIgniter\View\View->CodeIgniter\View\{closure}()
 4 SYSTEMPATH/Common.php(1134): CodeIgniter\View\View->render('admin/user/login', [], true)
 5 APPPATH/Controllers/Admin/Admin.php(24): view('admin/user/login')
 6 SYSTEMPATH/CodeIgniter.php(927): App\Controllers\Admin\Admin->login()
 7 SYSTEMPATH/CodeIgniter.php(482): CodeIgniter\CodeIgniter->runController(Object(App\Controllers\Admin\Admin))
 8 SYSTEMPATH/CodeIgniter.php(351): CodeIgniter\CodeIgniter->handleRequest(null, Object(Config\Cache), false)
 9 FCPATH/index.php(67): CodeIgniter\CodeIgniter->run()
CRITICAL - 2022-11-26 18:21:53 --> Undefined variable $sessionMessagePassWord
in APPPATH/Views/admin/user/login.php on line 56.
 1 APPPATH/Views/admin/user/login.php(56): CodeIgniter\Debug\Exceptions->errorHandler(2, 'Undefined variable $sessionMessagePassWord', 'APPPATH/Views/admin/user/login.php', 56)
 2 SYSTEMPATH/View/View.php(213): include('APPPATH/Views/admin/user/login.php')
 3 SYSTEMPATH/View/View.php(216): CodeIgniter\View\View->CodeIgniter\View\{closure}()
 4 SYSTEMPATH/Common.php(1134): CodeIgniter\View\View->render('admin/user/login', [], true)
 5 APPPATH/Controllers/Admin/Admin.php(24): view('admin/user/login')
 6 SYSTEMPATH/CodeIgniter.php(927): App\Controllers\Admin\Admin->login()
 7 SYSTEMPATH/CodeIgniter.php(482): CodeIgniter\CodeIgniter->runController(Object(App\Controllers\Admin\Admin))
 8 SYSTEMPATH/CodeIgniter.php(351): CodeIgniter\CodeIgniter->handleRequest(null, Object(Config\Cache), false)
 9 FCPATH/index.php(67): CodeIgniter\CodeIgniter->run()
