CRITICAL - 2022-11-24 05:28:55 --> Undefined array key "idProduct"
in APPPATH/Views/admin/clients/listClients.php on line 31.
 1 APPPATH/Views/admin/clients/listClients.php(31): CodeIgniter\Debug\Exceptions->errorHandler(2, 'Undefined array key "idProduct"', 'APPPATH/Views/admin/clients/listClients.php', 31)
 2 SYSTEMPATH/View/View.php(213): include('APPPATH/Views/admin/clients/listClients.php')
 3 SYSTEMPATH/View/View.php(216): CodeIgniter\View\View->CodeIgniter\View\{closure}()
 4 SYSTEMPATH/Common.php(1134): CodeIgniter\View\View->render('admin/clients/listClients', [], true)
 5 APPPATH/Controllers/Admin/Client.php(25): view('admin/clients/listClients', [...])
 6 SYSTEMPATH/CodeIgniter.php(927): App\Controllers\Admin\Client->listClients()
 7 SYSTEMPATH/CodeIgniter.php(482): CodeIgniter\CodeIgniter->runController(Object(App\Controllers\Admin\Client))
 8 SYSTEMPATH/CodeIgniter.php(351): CodeIgniter\CodeIgniter->handleRequest(null, Object(Config\Cache), false)
 9 FCPATH/index.php(67): CodeIgniter\CodeIgniter->run()
CRITICAL - 2022-11-24 05:31:51 --> Undefined variable $products
in APPPATH/Views/admin/clients/listClients.php on line 45.
 1 APPPATH/Views/admin/clients/listClients.php(45): CodeIgniter\Debug\Exceptions->errorHandler(2, 'Undefined variable $products', 'APPPATH/Views/admin/clients/listClients.php', 45)
 2 SYSTEMPATH/View/View.php(213): include('APPPATH/Views/admin/clients/listClients.php')
 3 SYSTEMPATH/View/View.php(216): CodeIgniter\View\View->CodeIgniter\View\{closure}()
 4 SYSTEMPATH/Common.php(1134): CodeIgniter\View\View->render('admin/clients/listClients', [], true)
 5 APPPATH/Controllers/Admin/Client.php(25): view('admin/clients/listClients', [...])
 6 SYSTEMPATH/CodeIgniter.php(927): App\Controllers\Admin\Client->listClients()
 7 SYSTEMPATH/CodeIgniter.php(482): CodeIgniter\CodeIgniter->runController(Object(App\Controllers\Admin\Client))
 8 SYSTEMPATH/CodeIgniter.php(351): CodeIgniter\CodeIgniter->handleRequest(null, Object(Config\Cache), false)
 9 FCPATH/index.php(67): CodeIgniter\CodeIgniter->run()
CRITICAL - 2022-11-24 06:26:19 --> Undefined variable $arrayProducts
in APPPATH/Views/admin/clients/updateClient.php on line 4.
 1 APPPATH/Views/admin/clients/updateClient.php(4): CodeIgniter\Debug\Exceptions->errorHandler(2, 'Undefined variable $arrayProducts', 'APPPATH/Views/admin/clients/updateClient.php', 4)
 2 SYSTEMPATH/View/View.php(213): include('APPPATH/Views/admin/clients/updateClient.php')
 3 SYSTEMPATH/View/View.php(216): CodeIgniter\View\View->CodeIgniter\View\{closure}()
 4 SYSTEMPATH/Common.php(1134): CodeIgniter\View\View->render('admin/clients/updateClient', [], true)
 5 APPPATH/Controllers/Admin/Client.php(46): view('admin/clients/updateClient', [...])
 6 SYSTEMPATH/CodeIgniter.php(927): App\Controllers\Admin\Client->consultClients('1')
 7 SYSTEMPATH/CodeIgniter.php(482): CodeIgniter\CodeIgniter->runController(Object(App\Controllers\Admin\Client))
 8 SYSTEMPATH/CodeIgniter.php(351): CodeIgniter\CodeIgniter->handleRequest(null, Object(Config\Cache), false)
 9 FCPATH/index.php(67): CodeIgniter\CodeIgniter->run()
CRITICAL - 2022-11-24 06:27:38 --> Undefined variable $arrayClients
in APPPATH/Views/admin/clients/updateClient.php on line 4.
 1 APPPATH/Views/admin/clients/updateClient.php(4): CodeIgniter\Debug\Exceptions->errorHandler(2, 'Undefined variable $arrayClients', 'APPPATH/Views/admin/clients/updateClient.php', 4)
 2 SYSTEMPATH/View/View.php(213): include('APPPATH/Views/admin/clients/updateClient.php')
 3 SYSTEMPATH/View/View.php(216): CodeIgniter\View\View->CodeIgniter\View\{closure}()
 4 SYSTEMPATH/Common.php(1134): CodeIgniter\View\View->render('admin/clients/updateClient', [], true)
 5 APPPATH/Controllers/Admin/Client.php(46): view('admin/clients/updateClient', [...])
 6 SYSTEMPATH/CodeIgniter.php(927): App\Controllers\Admin\Client->consultClients('1')
 7 SYSTEMPATH/CodeIgniter.php(482): CodeIgniter\CodeIgniter->runController(Object(App\Controllers\Admin\Client))
 8 SYSTEMPATH/CodeIgniter.php(351): CodeIgniter\CodeIgniter->handleRequest(null, Object(Config\Cache), false)
 9 FCPATH/index.php(67): CodeIgniter\CodeIgniter->run()
CRITICAL - 2022-11-24 06:27:52 --> Undefined array key "telefone"
in APPPATH/Views/admin/clients/updateClient.php on line 14.
 1 APPPATH/Views/admin/clients/updateClient.php(14): CodeIgniter\Debug\Exceptions->errorHandler(2, 'Undefined array key "telefone"', 'APPPATH/Views/admin/clients/updateClient.php', 14)
 2 SYSTEMPATH/View/View.php(213): include('APPPATH/Views/admin/clients/updateClient.php')
 3 SYSTEMPATH/View/View.php(216): CodeIgniter\View\View->CodeIgniter\View\{closure}()
 4 SYSTEMPATH/Common.php(1134): CodeIgniter\View\View->render('admin/clients/updateClient', [], true)
 5 APPPATH/Controllers/Admin/Client.php(46): view('admin/clients/updateClient', [...])
 6 SYSTEMPATH/CodeIgniter.php(927): App\Controllers\Admin\Client->consultClients('1')
 7 SYSTEMPATH/CodeIgniter.php(482): CodeIgniter\CodeIgniter->runController(Object(App\Controllers\Admin\Client))
 8 SYSTEMPATH/CodeIgniter.php(351): CodeIgniter\CodeIgniter->handleRequest(null, Object(Config\Cache), false)
 9 FCPATH/index.php(67): CodeIgniter\CodeIgniter->run()
CRITICAL - 2022-11-24 08:38:21 --> Undefined variable $arrayContact
in APPPATH/Views/admin/contacts/listContacts.php on line 13.
 1 APPPATH/Views/admin/contacts/listContacts.php(13): CodeIgniter\Debug\Exceptions->errorHandler(2, 'Undefined variable $arrayContact', 'APPPATH/Views/admin/contacts/listContacts.php', 13)
 2 SYSTEMPATH/View/View.php(213): include('APPPATH/Views/admin/contacts/listContacts.php')
 3 SYSTEMPATH/View/View.php(216): CodeIgniter\View\View->CodeIgniter\View\{closure}()
 4 SYSTEMPATH/Common.php(1134): CodeIgniter\View\View->render('admin/contacts/listContacts', [], true)
 5 APPPATH/Controllers/Admin/Contact.php(25): view('admin/contacts/listContacts', [...])
 6 SYSTEMPATH/CodeIgniter.php(927): App\Controllers\Admin\Contact->listContacts()
 7 SYSTEMPATH/CodeIgniter.php(482): CodeIgniter\CodeIgniter->runController(Object(App\Controllers\Admin\Contact))
 8 SYSTEMPATH/CodeIgniter.php(351): CodeIgniter\CodeIgniter->handleRequest(null, Object(Config\Cache), false)
 9 FCPATH/index.php(67): CodeIgniter\CodeIgniter->run()
CRITICAL - 2022-11-24 08:42:31 --> Undefined variable $arrayContact
in APPPATH/Views/admin/contacts/listContacts.php on line 13.
 1 APPPATH/Views/admin/contacts/listContacts.php(13): CodeIgniter\Debug\Exceptions->errorHandler(2, 'Undefined variable $arrayContact', 'APPPATH/Views/admin/contacts/listContacts.php', 13)
 2 SYSTEMPATH/View/View.php(213): include('APPPATH/Views/admin/contacts/listContacts.php')
 3 SYSTEMPATH/View/View.php(216): CodeIgniter\View\View->CodeIgniter\View\{closure}()
 4 SYSTEMPATH/Common.php(1134): CodeIgniter\View\View->render('admin/contacts/listContacts', [], true)
 5 APPPATH/Controllers/Admin/Contact.php(25): view('admin/contacts/listContacts', [...])
 6 SYSTEMPATH/CodeIgniter.php(927): App\Controllers\Admin\Contact->listContacts()
 7 SYSTEMPATH/CodeIgniter.php(482): CodeIgniter\CodeIgniter->runController(Object(App\Controllers\Admin\Contact))
 8 SYSTEMPATH/CodeIgniter.php(351): CodeIgniter\CodeIgniter->handleRequest(null, Object(Config\Cache), false)
 9 FCPATH/index.php(67): CodeIgniter\CodeIgniter->run()
CRITICAL - 2022-11-24 09:05:07 --> Undefined variable $arrayContacts
in APPPATH/Views/admin/contacts/listContacts.php on line 13.
 1 APPPATH/Views/admin/contacts/listContacts.php(13): CodeIgniter\Debug\Exceptions->errorHandler(2, 'Undefined variable $arrayContacts', 'APPPATH/Views/admin/contacts/listContacts.php', 13)
 2 SYSTEMPATH/View/View.php(213): include('APPPATH/Views/admin/contacts/listContacts.php')
 3 SYSTEMPATH/View/View.php(216): CodeIgniter\View\View->CodeIgniter\View\{closure}()
 4 SYSTEMPATH/Common.php(1134): CodeIgniter\View\View->render('admin/contacts/listContacts', [], true)
 5 APPPATH/Controllers/Admin/Contact.php(32): view('admin/contacts/listContacts')
 6 SYSTEMPATH/CodeIgniter.php(927): App\Controllers\Admin\Contact->registerContacts()
 7 SYSTEMPATH/CodeIgniter.php(482): CodeIgniter\CodeIgniter->runController(Object(App\Controllers\Admin\Contact))
 8 SYSTEMPATH/CodeIgniter.php(351): CodeIgniter\CodeIgniter->handleRequest(null, Object(Config\Cache), false)
 9 FCPATH/index.php(67): CodeIgniter\CodeIgniter->run()
CRITICAL - 2022-11-24 09:14:03 --> Invalid file: admin/products/updateContact.php
in SYSTEMPATH/Exceptions/FrameworkException.php on line 33.
 1 SYSTEMPATH/View/View.php(201): CodeIgniter\Exceptions\FrameworkException::forInvalidFile('admin/products/updateContact.php')
 2 SYSTEMPATH/Common.php(1134): CodeIgniter\View\View->render('admin/products/updateContact', [], true)
 3 APPPATH/Controllers/Admin/Contact.php(46): view('admin/products/updateContact', [...])
 4 SYSTEMPATH/CodeIgniter.php(927): App\Controllers\Admin\Contact->consultContacts('3')
 5 SYSTEMPATH/CodeIgniter.php(482): CodeIgniter\CodeIgniter->runController(Object(App\Controllers\Admin\Contact))
 6 SYSTEMPATH/CodeIgniter.php(351): CodeIgniter\CodeIgniter->handleRequest(null, Object(Config\Cache), false)
 7 FCPATH/index.php(67): CodeIgniter\CodeIgniter->run()
CRITICAL - 2022-11-24 16:00:05 --> Cannot use isset() on the result of an expression (you can use "null !== expression" instead)
in APPPATH/Views/admin/user/login.php on line 55.
 1 [internal function]: CodeIgniter\Debug\Exceptions->shutdownHandler()
CRITICAL - 2022-11-24 16:00:30 --> Undefined variable $session
in APPPATH/Views/admin/user/login.php on line 55.
 1 APPPATH/Views/admin/user/login.php(55): CodeIgniter\Debug\Exceptions->errorHandler(2, 'Undefined variable $session', 'APPPATH/Views/admin/user/login.php', 55)
 2 SYSTEMPATH/View/View.php(213): include('APPPATH/Views/admin/user/login.php')
 3 SYSTEMPATH/View/View.php(216): CodeIgniter\View\View->CodeIgniter\View\{closure}()
 4 SYSTEMPATH/Common.php(1134): CodeIgniter\View\View->render('admin/user/login', [], true)
 5 APPPATH/Controllers/Admin/Admin.php(24): view('admin/user/login')
 6 SYSTEMPATH/CodeIgniter.php(927): App\Controllers\Admin\Admin->login()
 7 SYSTEMPATH/CodeIgniter.php(482): CodeIgniter\CodeIgniter->runController(Object(App\Controllers\Admin\Admin))
 8 SYSTEMPATH/CodeIgniter.php(351): CodeIgniter\CodeIgniter->handleRequest(null, Object(Config\Cache), false)
 9 FCPATH/index.php(67): CodeIgniter\CodeIgniter->run()
CRITICAL - 2022-11-24 16:03:20 --> Undefined variable $session
in APPPATH/Views/admin/user/login.php on line 55.
 1 APPPATH/Views/admin/user/login.php(55): CodeIgniter\Debug\Exceptions->errorHandler(2, 'Undefined variable $session', 'APPPATH/Views/admin/user/login.php', 55)
 2 SYSTEMPATH/View/View.php(213): include('APPPATH/Views/admin/user/login.php')
 3 SYSTEMPATH/View/View.php(216): CodeIgniter\View\View->CodeIgniter\View\{closure}()
 4 SYSTEMPATH/Common.php(1134): CodeIgniter\View\View->render('admin/user/login', [], true)
 5 APPPATH/Controllers/Admin/Admin.php(24): view('admin/user/login')
 6 SYSTEMPATH/CodeIgniter.php(927): App\Controllers\Admin\Admin->login()
 7 SYSTEMPATH/CodeIgniter.php(482): CodeIgniter\CodeIgniter->runController(Object(App\Controllers\Admin\Admin))
 8 SYSTEMPATH/CodeIgniter.php(351): CodeIgniter\CodeIgniter->handleRequest(null, Object(Config\Cache), false)
 9 FCPATH/index.php(67): CodeIgniter\CodeIgniter->run()
CRITICAL - 2022-11-24 16:05:31 --> Undefined variable $session
in APPPATH/Views/admin/user/login.php on line 55.
 1 APPPATH/Views/admin/user/login.php(55): CodeIgniter\Debug\Exceptions->errorHandler(2, 'Undefined variable $session', 'APPPATH/Views/admin/user/login.php', 55)
 2 SYSTEMPATH/View/View.php(213): include('APPPATH/Views/admin/user/login.php')
 3 SYSTEMPATH/View/View.php(216): CodeIgniter\View\View->CodeIgniter\View\{closure}()
 4 SYSTEMPATH/Common.php(1134): CodeIgniter\View\View->render('admin/user/login', [], true)
 5 APPPATH/Controllers/Admin/Admin.php(24): view('admin/user/login')
 6 SYSTEMPATH/CodeIgniter.php(927): App\Controllers\Admin\Admin->login()
 7 SYSTEMPATH/CodeIgniter.php(482): CodeIgniter\CodeIgniter->runController(Object(App\Controllers\Admin\Admin))
 8 SYSTEMPATH/CodeIgniter.php(351): CodeIgniter\CodeIgniter->handleRequest(null, Object(Config\Cache), false)
 9 FCPATH/index.php(67): CodeIgniter\CodeIgniter->run()
CRITICAL - 2022-11-24 16:06:24 --> Undefined variable $session
in APPPATH/Views/admin/user/login.php on line 55.
 1 APPPATH/Views/admin/user/login.php(55): CodeIgniter\Debug\Exceptions->errorHandler(2, 'Undefined variable $session', 'APPPATH/Views/admin/user/login.php', 55)
 2 SYSTEMPATH/View/View.php(213): include('APPPATH/Views/admin/user/login.php')
 3 SYSTEMPATH/View/View.php(216): CodeIgniter\View\View->CodeIgniter\View\{closure}()
 4 SYSTEMPATH/Common.php(1134): CodeIgniter\View\View->render('admin/user/login', [], true)
 5 APPPATH/Controllers/Admin/Admin.php(24): view('admin/user/login')
 6 SYSTEMPATH/CodeIgniter.php(927): App\Controllers\Admin\Admin->login()
 7 SYSTEMPATH/CodeIgniter.php(482): CodeIgniter\CodeIgniter->runController(Object(App\Controllers\Admin\Admin))
 8 SYSTEMPATH/CodeIgniter.php(351): CodeIgniter\CodeIgniter->handleRequest(null, Object(Config\Cache), false)
 9 FCPATH/index.php(67): CodeIgniter\CodeIgniter->run()
CRITICAL - 2022-11-24 16:08:07 --> Undefined variable $session
in APPPATH/Views/admin/user/login.php on line 55.
 1 APPPATH/Views/admin/user/login.php(55): CodeIgniter\Debug\Exceptions->errorHandler(2, 'Undefined variable $session', 'APPPATH/Views/admin/user/login.php', 55)
 2 SYSTEMPATH/View/View.php(213): include('APPPATH/Views/admin/user/login.php')
 3 SYSTEMPATH/View/View.php(216): CodeIgniter\View\View->CodeIgniter\View\{closure}()
 4 SYSTEMPATH/Common.php(1134): CodeIgniter\View\View->render('admin/user/login', [], true)
 5 APPPATH/Controllers/Admin/Admin.php(24): view('admin/user/login')
 6 SYSTEMPATH/CodeIgniter.php(927): App\Controllers\Admin\Admin->login()
 7 SYSTEMPATH/CodeIgniter.php(482): CodeIgniter\CodeIgniter->runController(Object(App\Controllers\Admin\Admin))
 8 SYSTEMPATH/CodeIgniter.php(351): CodeIgniter\CodeIgniter->handleRequest(null, Object(Config\Cache), false)
 9 FCPATH/index.php(67): CodeIgniter\CodeIgniter->run()
CRITICAL - 2022-11-24 16:09:08 --> Undefined variable $session
in APPPATH/Views/admin/user/login.php on line 55.
 1 APPPATH/Views/admin/user/login.php(55): CodeIgniter\Debug\Exceptions->errorHandler(2, 'Undefined variable $session', 'APPPATH/Views/admin/user/login.php', 55)
 2 SYSTEMPATH/View/View.php(213): include('APPPATH/Views/admin/user/login.php')
 3 SYSTEMPATH/View/View.php(216): CodeIgniter\View\View->CodeIgniter\View\{closure}()
 4 SYSTEMPATH/Common.php(1134): CodeIgniter\View\View->render('admin/user/login', [], true)
 5 APPPATH/Controllers/Admin/Admin.php(24): view('admin/user/login')
 6 SYSTEMPATH/CodeIgniter.php(927): App\Controllers\Admin\Admin->login()
 7 SYSTEMPATH/CodeIgniter.php(482): CodeIgniter\CodeIgniter->runController(Object(App\Controllers\Admin\Admin))
 8 SYSTEMPATH/CodeIgniter.php(351): CodeIgniter\CodeIgniter->handleRequest(null, Object(Config\Cache), false)
 9 FCPATH/index.php(67): CodeIgniter\CodeIgniter->run()
