CRITICAL - 2022-12-07 05:59:03 --> Too few arguments to function App\Controllers\Admin\Client::listClientSearch(), 0 passed in /var/www/html/codeigniter4/system/CodeIgniter.php on line 927 and exactly 1 expected
in APPPATH/Controllers/Admin/Client.php on line 26.
 1 SYSTEMPATH/CodeIgniter.php(927): App\Controllers\Admin\Client->listClientSearch()
 2 SYSTEMPATH/CodeIgniter.php(482): CodeIgniter\CodeIgniter->runController(Object(App\Controllers\Admin\Client))
 3 SYSTEMPATH/CodeIgniter.php(351): CodeIgniter\CodeIgniter->handleRequest(null, Object(Config\Cache), false)
 4 FCPATH/index.php(67): CodeIgniter\CodeIgniter->run()
CRITICAL - 2022-12-07 05:59:21 --> Too few arguments to function App\Controllers\Admin\Client::listClientSearch(), 0 passed in /var/www/html/codeigniter4/system/CodeIgniter.php on line 927 and exactly 1 expected
in APPPATH/Controllers/Admin/Client.php on line 26.
 1 SYSTEMPATH/CodeIgniter.php(927): App\Controllers\Admin\Client->listClientSearch()
 2 SYSTEMPATH/CodeIgniter.php(482): CodeIgniter\CodeIgniter->runController(Object(App\Controllers\Admin\Client))
 3 SYSTEMPATH/CodeIgniter.php(351): CodeIgniter\CodeIgniter->handleRequest(null, Object(Config\Cache), false)
 4 FCPATH/index.php(67): CodeIgniter\CodeIgniter->run()
CRITICAL - 2022-12-07 06:03:47 --> Undefined property: CodeIgniter\View\View::$request
in APPPATH/Views/admin/clients/listClients.php on line 7.
 1 APPPATH/Views/admin/clients/listClients.php(7): CodeIgniter\Debug\Exceptions->errorHandler(2, 'Undefined property: CodeIgniter\\View\\View::$request', 'APPPATH/Views/admin/clients/listClients.php', 7)
 2 SYSTEMPATH/View/View.php(213): include('APPPATH/Views/admin/clients/listClients.php')
 3 SYSTEMPATH/View/View.php(216): CodeIgniter\View\View->CodeIgniter\View\{closure}()
 4 SYSTEMPATH/Common.php(1134): CodeIgniter\View\View->render('admin/clients/listClients', [], true)
 5 APPPATH/Controllers/Admin/Client.php(47): view('admin/clients/listClients', [...])
 6 SYSTEMPATH/CodeIgniter.php(927): App\Controllers\Admin\Client->listClients()
 7 SYSTEMPATH/CodeIgniter.php(482): CodeIgniter\CodeIgniter->runController(Object(App\Controllers\Admin\Client))
 8 SYSTEMPATH/CodeIgniter.php(351): CodeIgniter\CodeIgniter->handleRequest(null, Object(Config\Cache), false)
 9 FCPATH/index.php(67): CodeIgniter\CodeIgniter->run()
CRITICAL - 2022-12-07 06:04:37 --> Undefined property: CodeIgniter\View\View::$request
in APPPATH/Views/admin/clients/listClients.php on line 7.
 1 APPPATH/Views/admin/clients/listClients.php(7): CodeIgniter\Debug\Exceptions->errorHandler(2, 'Undefined property: CodeIgniter\\View\\View::$request', 'APPPATH/Views/admin/clients/listClients.php', 7)
 2 SYSTEMPATH/View/View.php(213): include('APPPATH/Views/admin/clients/listClients.php')
 3 SYSTEMPATH/View/View.php(216): CodeIgniter\View\View->CodeIgniter\View\{closure}()
 4 SYSTEMPATH/Common.php(1134): CodeIgniter\View\View->render('admin/clients/listClients', [], true)
 5 APPPATH/Controllers/Admin/Client.php(47): view('admin/clients/listClients', [...])
 6 SYSTEMPATH/CodeIgniter.php(927): App\Controllers\Admin\Client->listClients()
 7 SYSTEMPATH/CodeIgniter.php(482): CodeIgniter\CodeIgniter->runController(Object(App\Controllers\Admin\Client))
 8 SYSTEMPATH/CodeIgniter.php(351): CodeIgniter\CodeIgniter->handleRequest(null, Object(Config\Cache), false)
 9 FCPATH/index.php(67): CodeIgniter\CodeIgniter->run()
CRITICAL - 2022-12-07 06:08:10 --> syntax error, unexpected token ";", expecting "]"
in APPPATH/Controllers/Admin/Client.php on line 31.
 1 SYSTEMPATH/Autoloader/Autoloader.php(259): CodeIgniter\Autoloader\Autoloader->includeFile('APPPATH/Controllers/Admin/Client.php')
 2 SYSTEMPATH/Autoloader/Autoloader.php(237): CodeIgniter\Autoloader\Autoloader->loadInNamespace('App\\Controllers\\Admin\\Client')
 3 [internal function]: CodeIgniter\Autoloader\Autoloader->loadClass('App\\Controllers\\Admin\\Client')
 4 SYSTEMPATH/CodeIgniter.php(877): class_exists('\\App\\Controllers\\Admin\\Client', true)
 5 SYSTEMPATH/CodeIgniter.php(469): CodeIgniter\CodeIgniter->startController()
 6 SYSTEMPATH/CodeIgniter.php(351): CodeIgniter\CodeIgniter->handleRequest(null, Object(Config\Cache), false)
 7 FCPATH/index.php(67): CodeIgniter\CodeIgniter->run()
CRITICAL - 2022-12-07 06:08:15 --> syntax error, unexpected token ";", expecting "]"
in APPPATH/Controllers/Admin/Client.php on line 31.
 1 SYSTEMPATH/Autoloader/Autoloader.php(259): CodeIgniter\Autoloader\Autoloader->includeFile('APPPATH/Controllers/Admin/Client.php')
 2 SYSTEMPATH/Autoloader/Autoloader.php(237): CodeIgniter\Autoloader\Autoloader->loadInNamespace('App\\Controllers\\Admin\\Client')
 3 [internal function]: CodeIgniter\Autoloader\Autoloader->loadClass('App\\Controllers\\Admin\\Client')
 4 SYSTEMPATH/CodeIgniter.php(877): class_exists('\\App\\Controllers\\Admin\\Client', true)
 5 SYSTEMPATH/CodeIgniter.php(469): CodeIgniter\CodeIgniter->startController()
 6 SYSTEMPATH/CodeIgniter.php(351): CodeIgniter\CodeIgniter->handleRequest(null, Object(Config\Cache), false)
 7 FCPATH/index.php(67): CodeIgniter\CodeIgniter->run()
CRITICAL - 2022-12-07 06:58:30 --> Call to a member function getClientsFor() on null
in APPPATH/Controllers/Admin/Client.php on line 31.
 1 SYSTEMPATH/CodeIgniter.php(927): App\Controllers\Admin\Client->listClientSearch()
 2 SYSTEMPATH/CodeIgniter.php(482): CodeIgniter\CodeIgniter->runController(Object(App\Controllers\Admin\Client))
 3 SYSTEMPATH/CodeIgniter.php(351): CodeIgniter\CodeIgniter->handleRequest(null, Object(Config\Cache), false)
 4 FCPATH/index.php(67): CodeIgniter\CodeIgniter->run()
CRITICAL - 2022-12-07 06:59:18 --> Call to a member function getClientsFor() on null
in APPPATH/Controllers/Admin/Client.php on line 31.
 1 SYSTEMPATH/CodeIgniter.php(927): App\Controllers\Admin\Client->listClientSearch()
 2 SYSTEMPATH/CodeIgniter.php(482): CodeIgniter\CodeIgniter->runController(Object(App\Controllers\Admin\Client))
 3 SYSTEMPATH/CodeIgniter.php(351): CodeIgniter\CodeIgniter->handleRequest(null, Object(Config\Cache), false)
 4 FCPATH/index.php(67): CodeIgniter\CodeIgniter->run()
CRITICAL - 2022-12-07 06:59:21 --> Call to a member function getClientsFor() on null
in APPPATH/Controllers/Admin/Client.php on line 31.
 1 SYSTEMPATH/CodeIgniter.php(927): App\Controllers\Admin\Client->listClientSearch()
 2 SYSTEMPATH/CodeIgniter.php(482): CodeIgniter\CodeIgniter->runController(Object(App\Controllers\Admin\Client))
 3 SYSTEMPATH/CodeIgniter.php(351): CodeIgniter\CodeIgniter->handleRequest(null, Object(Config\Cache), false)
 4 FCPATH/index.php(67): CodeIgniter\CodeIgniter->run()
CRITICAL - 2022-12-07 07:00:01 --> syntax error, unexpected token "if"
in APPPATH/Controllers/Admin/Client.php on line 20.
 1 SYSTEMPATH/Autoloader/Autoloader.php(259): CodeIgniter\Autoloader\Autoloader->includeFile('APPPATH/Controllers/Admin/Client.php')
 2 SYSTEMPATH/Autoloader/Autoloader.php(237): CodeIgniter\Autoloader\Autoloader->loadInNamespace('App\\Controllers\\Admin\\Client')
 3 [internal function]: CodeIgniter\Autoloader\Autoloader->loadClass('App\\Controllers\\Admin\\Client')
 4 SYSTEMPATH/CodeIgniter.php(877): class_exists('\\App\\Controllers\\Admin\\Client', true)
 5 SYSTEMPATH/CodeIgniter.php(469): CodeIgniter\CodeIgniter->startController()
 6 SYSTEMPATH/CodeIgniter.php(351): CodeIgniter\CodeIgniter->handleRequest(null, Object(Config\Cache), false)
 7 FCPATH/index.php(67): CodeIgniter\CodeIgniter->run()
CRITICAL - 2022-12-07 07:00:07 --> Call to a member function getClientsFor() on null
in APPPATH/Controllers/Admin/Client.php on line 32.
 1 SYSTEMPATH/CodeIgniter.php(927): App\Controllers\Admin\Client->listClientSearch()
 2 SYSTEMPATH/CodeIgniter.php(482): CodeIgniter\CodeIgniter->runController(Object(App\Controllers\Admin\Client))
 3 SYSTEMPATH/CodeIgniter.php(351): CodeIgniter\CodeIgniter->handleRequest(null, Object(Config\Cache), false)
 4 FCPATH/index.php(67): CodeIgniter\CodeIgniter->run()
CRITICAL - 2022-12-07 07:01:10 --> Call to a member function getClientsFor() on null
in APPPATH/Controllers/Admin/Client.php on line 32.
 1 SYSTEMPATH/CodeIgniter.php(927): App\Controllers\Admin\Client->listClientSearch()
 2 SYSTEMPATH/CodeIgniter.php(482): CodeIgniter\CodeIgniter->runController(Object(App\Controllers\Admin\Client))
 3 SYSTEMPATH/CodeIgniter.php(351): CodeIgniter\CodeIgniter->handleRequest(null, Object(Config\Cache), false)
 4 FCPATH/index.php(67): CodeIgniter\CodeIgniter->run()
CRITICAL - 2022-12-07 07:01:14 --> Call to a member function getClientsFor() on null
in APPPATH/Controllers/Admin/Client.php on line 32.
 1 SYSTEMPATH/CodeIgniter.php(927): App\Controllers\Admin\Client->listClientSearch()
 2 SYSTEMPATH/CodeIgniter.php(482): CodeIgniter\CodeIgniter->runController(Object(App\Controllers\Admin\Client))
 3 SYSTEMPATH/CodeIgniter.php(351): CodeIgniter\CodeIgniter->handleRequest(null, Object(Config\Cache), false)
 4 FCPATH/index.php(67): CodeIgniter\CodeIgniter->run()
CRITICAL - 2022-12-07 07:01:40 --> Call to a member function findAll() on null
in APPPATH/Controllers/Admin/Client.php on line 44.
 1 SYSTEMPATH/CodeIgniter.php(927): App\Controllers\Admin\Client->listClients()
 2 SYSTEMPATH/CodeIgniter.php(482): CodeIgniter\CodeIgniter->runController(Object(App\Controllers\Admin\Client))
 3 SYSTEMPATH/CodeIgniter.php(351): CodeIgniter\CodeIgniter->handleRequest(null, Object(Config\Cache), false)
 4 FCPATH/index.php(67): CodeIgniter\CodeIgniter->run()
CRITICAL - 2022-12-07 07:07:41 --> Call to a member function findAll() on null
in APPPATH/Controllers/Admin/Client.php on line 46.
 1 SYSTEMPATH/CodeIgniter.php(927): App\Controllers\Admin\Client->listClients()
 2 SYSTEMPATH/CodeIgniter.php(482): CodeIgniter\CodeIgniter->runController(Object(App\Controllers\Admin\Client))
 3 SYSTEMPATH/CodeIgniter.php(351): CodeIgniter\CodeIgniter->handleRequest(null, Object(Config\Cache), false)
 4 FCPATH/index.php(67): CodeIgniter\CodeIgniter->run()
CRITICAL - 2022-12-07 07:08:00 --> Call to a member function findAll() on null
in APPPATH/Controllers/Admin/Client.php on line 46.
 1 SYSTEMPATH/CodeIgniter.php(927): App\Controllers\Admin\Client->listClients()
 2 SYSTEMPATH/CodeIgniter.php(482): CodeIgniter\CodeIgniter->runController(Object(App\Controllers\Admin\Client))
 3 SYSTEMPATH/CodeIgniter.php(351): CodeIgniter\CodeIgniter->handleRequest(null, Object(Config\Cache), false)
 4 FCPATH/index.php(67): CodeIgniter\CodeIgniter->run()
CRITICAL - 2022-12-07 07:08:03 --> Call to a member function findAll() on null
in APPPATH/Controllers/Admin/Client.php on line 46.
 1 SYSTEMPATH/CodeIgniter.php(927): App\Controllers\Admin\Client->listClients()
 2 SYSTEMPATH/CodeIgniter.php(482): CodeIgniter\CodeIgniter->runController(Object(App\Controllers\Admin\Client))
 3 SYSTEMPATH/CodeIgniter.php(351): CodeIgniter\CodeIgniter->handleRequest(null, Object(Config\Cache), false)
 4 FCPATH/index.php(67): CodeIgniter\CodeIgniter->run()
CRITICAL - 2022-12-07 07:08:26 --> Call to a member function findAll() on null
in APPPATH/Controllers/Admin/Client.php on line 47.
 1 SYSTEMPATH/CodeIgniter.php(927): App\Controllers\Admin\Client->listClients()
 2 SYSTEMPATH/CodeIgniter.php(482): CodeIgniter\CodeIgniter->runController(Object(App\Controllers\Admin\Client))
 3 SYSTEMPATH/CodeIgniter.php(351): CodeIgniter\CodeIgniter->handleRequest(null, Object(Config\Cache), false)
 4 FCPATH/index.php(67): CodeIgniter\CodeIgniter->run()
CRITICAL - 2022-12-07 07:12:53 --> Call to a member function findAll() on null
in APPPATH/Controllers/Admin/Client.php on line 44.
 1 SYSTEMPATH/CodeIgniter.php(927): App\Controllers\Admin\Client->listClients()
 2 SYSTEMPATH/CodeIgniter.php(482): CodeIgniter\CodeIgniter->runController(Object(App\Controllers\Admin\Client))
 3 SYSTEMPATH/CodeIgniter.php(351): CodeIgniter\CodeIgniter->handleRequest(null, Object(Config\Cache), false)
 4 FCPATH/index.php(67): CodeIgniter\CodeIgniter->run()
CRITICAL - 2022-12-07 07:13:46 --> Call to a member function findAll() on null
in APPPATH/Controllers/Admin/Client.php on line 44.
 1 SYSTEMPATH/CodeIgniter.php(927): App\Controllers\Admin\Client->listClients()
 2 SYSTEMPATH/CodeIgniter.php(482): CodeIgniter\CodeIgniter->runController(Object(App\Controllers\Admin\Client))
 3 SYSTEMPATH/CodeIgniter.php(351): CodeIgniter\CodeIgniter->handleRequest(null, Object(Config\Cache), false)
 4 FCPATH/index.php(67): CodeIgniter\CodeIgniter->run()
CRITICAL - 2022-12-07 07:13:50 --> Call to a member function find() on null
in APPPATH/Controllers/Admin/Client.php on line 71.
 1 SYSTEMPATH/CodeIgniter.php(927): App\Controllers\Admin\Client->consultClients('61')
 2 SYSTEMPATH/CodeIgniter.php(482): CodeIgniter\CodeIgniter->runController(Object(App\Controllers\Admin\Client))
 3 SYSTEMPATH/CodeIgniter.php(351): CodeIgniter\CodeIgniter->handleRequest(null, Object(Config\Cache), false)
 4 FCPATH/index.php(67): CodeIgniter\CodeIgniter->run()
CRITICAL - 2022-12-07 08:08:43 --> Access level to App\Controllers\Api\Clients::$model must be protected (as in class CodeIgniter\RESTful\BaseResource) or weaker
in APPPATH/Controllers/Api/Client.php on line 9.
 1 [internal function]: CodeIgniter\Debug\Exceptions->shutdownHandler()
CRITICAL - 2022-12-07 08:41:27 --> Class App\Controllers\Api\Clients cannot extend from trait CodeIgniter\API\ResponseTrait
in APPPATH/Controllers/Api/Client.php on line 9.
 1 [internal function]: CodeIgniter\Debug\Exceptions->shutdownHandler()
CRITICAL - 2022-12-07 08:41:52 --> Class App\Controllers\Api\Clients cannot extend from trait CodeIgniter\API\ResponseTrait
in APPPATH/Controllers/Api/Client.php on line 9.
 1 [internal function]: CodeIgniter\Debug\Exceptions->shutdownHandler()
CRITICAL - 2022-12-07 08:45:27 --> Class App\Controllers\Api\Clients cannot extend from trait CodeIgniter\API\ResponseTrait
in APPPATH/Controllers/Api/Client.php on line 9.
 1 [internal function]: CodeIgniter\Debug\Exceptions->shutdownHandler()
CRITICAL - 2022-12-07 08:45:56 --> Class App\Controllers\Api\Clients cannot extend from trait CodeIgniter\API\ResponseTrait
in APPPATH/Controllers/Api/Client.php on line 9.
 1 [internal function]: CodeIgniter\Debug\Exceptions->shutdownHandler()
CRITICAL - 2022-12-07 08:46:56 --> Class App\Controllers\Api\Clients cannot extend from trait CodeIgniter\API\ResponseTrait
in APPPATH/Controllers/Api/Client.php on line 8.
 1 [internal function]: CodeIgniter\Debug\Exceptions->shutdownHandler()
CRITICAL - 2022-12-07 20:36:19 --> Call to a member function save() on null
in APPPATH/Controllers/Admin/Contact.php on line 43.
 1 SYSTEMPATH/CodeIgniter.php(927): App\Controllers\Admin\Contact->registerContacts()
 2 SYSTEMPATH/CodeIgniter.php(482): CodeIgniter\CodeIgniter->runController(Object(App\Controllers\Admin\Contact))
 3 SYSTEMPATH/CodeIgniter.php(351): CodeIgniter\CodeIgniter->handleRequest(null, Object(Config\Cache), false)
 4 FCPATH/index.php(67): CodeIgniter\CodeIgniter->run()
